[2025-06-18 12:14:09] local.ERROR: Please provide a valid cache path. {"exception":"[object] (InvalidArgumentException(code: 0): Please provide a valid cache path. at /var/www/html/vendor/laravel/framework/src/Illuminate/View/Compilers/Compiler.php:66)
[stacktrace]
#0 /var/www/html/vendor/laravel/framework/src/Illuminate/View/ViewServiceProvider.php(97): Illuminate\\View\\Compilers\\Compiler->__construct()
#1 /var/www/html/vendor/laravel/framework/src/Illuminate/Container/Container.php(1010): Illuminate\\View\\ViewServiceProvider->Illuminate\\View\\{closure}()
#2 /var/www/html/vendor/laravel/framework/src/Illuminate/Container/Container.php(890): Illuminate\\Container\\Container->build()
#3 /var/www/html/vendor/laravel/framework/src/Illuminate/Foundation/Application.php(1077): Illuminate\\Container\\Container->resolve()
#4 /var/www/html/vendor/laravel/framework/src/Illuminate/Container/Container.php(821): Illuminate\\Foundation\\Application->resolve()
#5 /var/www/html/vendor/laravel/framework/src/Illuminate/Foundation/Application.php(1057): Illuminate\\Container\\Container->make()
#6 /var/www/html/vendor/laravel/framework/src/Illuminate/Container/Container.php(1643): Illuminate\\Foundation\\Application->make()
#7 /var/www/html/vendor/laravel/framework/src/Illuminate/Support/Facades/Facade.php(239): Illuminate\\Container\\Container->offsetGet()
#8 /var/www/html/vendor/laravel/framework/src/Illuminate/Support/Facades/Facade.php(210): Illuminate\\Support\\Facades\\Facade::resolveFacadeInstance()
#9 /var/www/html/vendor/laravel/framework/src/Illuminate/Support/Facades/Facade.php(355): Illuminate\\Support\\Facades\\Facade::getFacadeRoot()
#10 /var/www/html/vendor/livewire/livewire/src/Mechanisms/FrontendAssets/FrontendAssets.php(30): Illuminate\\Support\\Facades\\Facade::__callStatic()
#11 /var/www/html/vendor/livewire/livewire/src/LivewireServiceProvider.php(77): Livewire\\Mechanisms\\FrontendAssets\\FrontendAssets->boot()
#12 /var/www/html/vendor/livewire/livewire/src/LivewireServiceProvider.php(19): Livewire\\LivewireServiceProvider->bootMechanisms()
#13 /var/www/html/vendor/laravel/framework/src/Illuminate/Container/BoundMethod.php(36): Livewire\\LivewireServiceProvider->boot()
#14 /var/www/html/vendor/laravel/framework/src/Illuminate/Container/Util.php(43): Illuminate\\Container\\BoundMethod::Illuminate\\Container\\{closure}()
#15 /var/www/html/vendor/laravel/framework/src/Illuminate/Container/BoundMethod.php(96): Illuminate\\Container\\Util::unwrapIfClosure()
#16 /var/www/html/vendor/laravel/framework/src/Illuminate/Container/BoundMethod.php(35): Illuminate\\Container\\BoundMethod::callBoundMethod()
#17 /var/www/html/vendor/laravel/framework/src/Illuminate/Container/Container.php(754): Illuminate\\Container\\BoundMethod::call()
#18 /var/www/html/vendor/laravel/framework/src/Illuminate/Foundation/Application.php(1150): Illuminate\\Container\\Container->call()
#19 /var/www/html/vendor/laravel/framework/src/Illuminate/Foundation/Application.php(1131): Illuminate\\Foundation\\Application->bootProvider()
#20 [internal function]: Illuminate\\Foundation\\Application->Illuminate\\Foundation\\{closure}()
#21 /var/www/html/vendor/laravel/framework/src/Illuminate/Foundation/Application.php(1130): array_walk()
#22 /var/www/html/vendor/laravel/framework/src/Illuminate/Foundation/Bootstrap/BootProviders.php(17): Illuminate\\Foundation\\Application->boot()
#23 /var/www/html/vendor/laravel/framework/src/Illuminate/Foundation/Application.php(341): Illuminate\\Foundation\\Bootstrap\\BootProviders->bootstrap()
#24 /var/www/html/vendor/laravel/framework/src/Illuminate/Foundation/Console/Kernel.php(473): Illuminate\\Foundation\\Application->bootstrapWith()
#25 /var/www/html/vendor/laravel/framework/src/Illuminate/Foundation/Console/Kernel.php(195): Illuminate\\Foundation\\Console\\Kernel->bootstrap()
#26 /var/www/html/vendor/laravel/framework/src/Illuminate/Foundation/Application.php(1234): Illuminate\\Foundation\\Console\\Kernel->handle()
#27 /var/www/html/artisan(16): Illuminate\\Foundation\\Application->handleCommand()
#28 {main}
"} 
[2025-06-18 12:14:37] local.ERROR: Please provide a valid cache path. {"exception":"[object] (InvalidArgumentException(code: 0): Please provide a valid cache path. at /var/www/html/vendor/laravel/framework/src/Illuminate/View/Compilers/Compiler.php:66)
[stacktrace]
#0 /var/www/html/vendor/laravel/framework/src/Illuminate/View/ViewServiceProvider.php(97): Illuminate\\View\\Compilers\\Compiler->__construct()
#1 /var/www/html/vendor/laravel/framework/src/Illuminate/Container/Container.php(1010): Illuminate\\View\\ViewServiceProvider->Illuminate\\View\\{closure}()
#2 /var/www/html/vendor/laravel/framework/src/Illuminate/Container/Container.php(890): Illuminate\\Container\\Container->build()
#3 /var/www/html/vendor/laravel/framework/src/Illuminate/Foundation/Application.php(1077): Illuminate\\Container\\Container->resolve()
#4 /var/www/html/vendor/laravel/framework/src/Illuminate/Container/Container.php(821): Illuminate\\Foundation\\Application->resolve()
#5 /var/www/html/vendor/laravel/framework/src/Illuminate/Foundation/Application.php(1057): Illuminate\\Container\\Container->make()
#6 /var/www/html/vendor/laravel/framework/src/Illuminate/Container/Container.php(1643): Illuminate\\Foundation\\Application->make()
#7 /var/www/html/vendor/laravel/framework/src/Illuminate/Support/Facades/Facade.php(239): Illuminate\\Container\\Container->offsetGet()
#8 /var/www/html/vendor/laravel/framework/src/Illuminate/Support/Facades/Facade.php(210): Illuminate\\Support\\Facades\\Facade::resolveFacadeInstance()
#9 /var/www/html/vendor/laravel/framework/src/Illuminate/Support/Facades/Facade.php(355): Illuminate\\Support\\Facades\\Facade::getFacadeRoot()
#10 /var/www/html/vendor/livewire/livewire/src/Mechanisms/FrontendAssets/FrontendAssets.php(30): Illuminate\\Support\\Facades\\Facade::__callStatic()
#11 /var/www/html/vendor/livewire/livewire/src/LivewireServiceProvider.php(77): Livewire\\Mechanisms\\FrontendAssets\\FrontendAssets->boot()
#12 /var/www/html/vendor/livewire/livewire/src/LivewireServiceProvider.php(19): Livewire\\LivewireServiceProvider->bootMechanisms()
#13 /var/www/html/vendor/laravel/framework/src/Illuminate/Container/BoundMethod.php(36): Livewire\\LivewireServiceProvider->boot()
#14 /var/www/html/vendor/laravel/framework/src/Illuminate/Container/Util.php(43): Illuminate\\Container\\BoundMethod::Illuminate\\Container\\{closure}()
#15 /var/www/html/vendor/laravel/framework/src/Illuminate/Container/BoundMethod.php(96): Illuminate\\Container\\Util::unwrapIfClosure()
#16 /var/www/html/vendor/laravel/framework/src/Illuminate/Container/BoundMethod.php(35): Illuminate\\Container\\BoundMethod::callBoundMethod()
#17 /var/www/html/vendor/laravel/framework/src/Illuminate/Container/Container.php(754): Illuminate\\Container\\BoundMethod::call()
#18 /var/www/html/vendor/laravel/framework/src/Illuminate/Foundation/Application.php(1150): Illuminate\\Container\\Container->call()
#19 /var/www/html/vendor/laravel/framework/src/Illuminate/Foundation/Application.php(1131): Illuminate\\Foundation\\Application->bootProvider()
#20 [internal function]: Illuminate\\Foundation\\Application->Illuminate\\Foundation\\{closure}()
#21 /var/www/html/vendor/laravel/framework/src/Illuminate/Foundation/Application.php(1130): array_walk()
#22 /var/www/html/vendor/laravel/framework/src/Illuminate/Foundation/Bootstrap/BootProviders.php(17): Illuminate\\Foundation\\Application->boot()
#23 /var/www/html/vendor/laravel/framework/src/Illuminate/Foundation/Application.php(341): Illuminate\\Foundation\\Bootstrap\\BootProviders->bootstrap()
#24 /var/www/html/vendor/laravel/framework/src/Illuminate/Foundation/Console/Kernel.php(473): Illuminate\\Foundation\\Application->bootstrapWith()
#25 /var/www/html/vendor/laravel/framework/src/Illuminate/Foundation/Console/Kernel.php(195): Illuminate\\Foundation\\Console\\Kernel->bootstrap()
#26 /var/www/html/vendor/laravel/framework/src/Illuminate/Foundation/Application.php(1234): Illuminate\\Foundation\\Console\\Kernel->handle()
#27 /var/www/html/artisan(16): Illuminate\\Foundation\\Application->handleCommand()
#28 {main}
"} 
[2025-06-18 12:14:58] local.ERROR: Please provide a valid cache path. {"exception":"[object] (InvalidArgumentException(code: 0): Please provide a valid cache path. at /var/www/html/vendor/laravel/framework/src/Illuminate/View/Compilers/Compiler.php:66)
[stacktrace]
#0 /var/www/html/vendor/laravel/framework/src/Illuminate/View/ViewServiceProvider.php(97): Illuminate\\View\\Compilers\\Compiler->__construct()
#1 /var/www/html/vendor/laravel/framework/src/Illuminate/Container/Container.php(1010): Illuminate\\View\\ViewServiceProvider->Illuminate\\View\\{closure}()
#2 /var/www/html/vendor/laravel/framework/src/Illuminate/Container/Container.php(890): Illuminate\\Container\\Container->build()
#3 /var/www/html/vendor/laravel/framework/src/Illuminate/Foundation/Application.php(1077): Illuminate\\Container\\Container->resolve()
#4 /var/www/html/vendor/laravel/framework/src/Illuminate/Container/Container.php(821): Illuminate\\Foundation\\Application->resolve()
#5 /var/www/html/vendor/laravel/framework/src/Illuminate/Foundation/Application.php(1057): Illuminate\\Container\\Container->make()
#6 /var/www/html/vendor/laravel/framework/src/Illuminate/Container/Container.php(1643): Illuminate\\Foundation\\Application->make()
#7 /var/www/html/vendor/laravel/framework/src/Illuminate/Support/Facades/Facade.php(239): Illuminate\\Container\\Container->offsetGet()
#8 /var/www/html/vendor/laravel/framework/src/Illuminate/Support/Facades/Facade.php(210): Illuminate\\Support\\Facades\\Facade::resolveFacadeInstance()
#9 /var/www/html/vendor/laravel/framework/src/Illuminate/Support/Facades/Facade.php(355): Illuminate\\Support\\Facades\\Facade::getFacadeRoot()
#10 /var/www/html/vendor/livewire/livewire/src/Mechanisms/FrontendAssets/FrontendAssets.php(30): Illuminate\\Support\\Facades\\Facade::__callStatic()
#11 /var/www/html/vendor/livewire/livewire/src/LivewireServiceProvider.php(77): Livewire\\Mechanisms\\FrontendAssets\\FrontendAssets->boot()
#12 /var/www/html/vendor/livewire/livewire/src/LivewireServiceProvider.php(19): Livewire\\LivewireServiceProvider->bootMechanisms()
#13 /var/www/html/vendor/laravel/framework/src/Illuminate/Container/BoundMethod.php(36): Livewire\\LivewireServiceProvider->boot()
#14 /var/www/html/vendor/laravel/framework/src/Illuminate/Container/Util.php(43): Illuminate\\Container\\BoundMethod::Illuminate\\Container\\{closure}()
#15 /var/www/html/vendor/laravel/framework/src/Illuminate/Container/BoundMethod.php(96): Illuminate\\Container\\Util::unwrapIfClosure()
#16 /var/www/html/vendor/laravel/framework/src/Illuminate/Container/BoundMethod.php(35): Illuminate\\Container\\BoundMethod::callBoundMethod()
#17 /var/www/html/vendor/laravel/framework/src/Illuminate/Container/Container.php(754): Illuminate\\Container\\BoundMethod::call()
#18 /var/www/html/vendor/laravel/framework/src/Illuminate/Foundation/Application.php(1150): Illuminate\\Container\\Container->call()
#19 /var/www/html/vendor/laravel/framework/src/Illuminate/Foundation/Application.php(1131): Illuminate\\Foundation\\Application->bootProvider()
#20 [internal function]: Illuminate\\Foundation\\Application->Illuminate\\Foundation\\{closure}()
#21 /var/www/html/vendor/laravel/framework/src/Illuminate/Foundation/Application.php(1130): array_walk()
#22 /var/www/html/vendor/laravel/framework/src/Illuminate/Foundation/Bootstrap/BootProviders.php(17): Illuminate\\Foundation\\Application->boot()
#23 /var/www/html/vendor/laravel/framework/src/Illuminate/Foundation/Application.php(341): Illuminate\\Foundation\\Bootstrap\\BootProviders->bootstrap()
#24 /var/www/html/vendor/laravel/framework/src/Illuminate/Foundation/Console/Kernel.php(473): Illuminate\\Foundation\\Application->bootstrapWith()
#25 /var/www/html/vendor/laravel/framework/src/Illuminate/Foundation/Console/Kernel.php(195): Illuminate\\Foundation\\Console\\Kernel->bootstrap()
#26 /var/www/html/vendor/laravel/framework/src/Illuminate/Foundation/Application.php(1234): Illuminate\\Foundation\\Console\\Kernel->handle()
#27 /var/www/html/artisan(16): Illuminate\\Foundation\\Application->handleCommand()
#28 {main}
"} 
[2025-06-18 12:15:12] local.ERROR: Please provide a valid cache path. {"exception":"[object] (InvalidArgumentException(code: 0): Please provide a valid cache path. at /var/www/html/vendor/laravel/framework/src/Illuminate/View/Compilers/Compiler.php:66)
[stacktrace]
#0 /var/www/html/vendor/laravel/framework/src/Illuminate/View/ViewServiceProvider.php(97): Illuminate\\View\\Compilers\\Compiler->__construct()
#1 /var/www/html/vendor/laravel/framework/src/Illuminate/Container/Container.php(1010): Illuminate\\View\\ViewServiceProvider->Illuminate\\View\\{closure}()
#2 /var/www/html/vendor/laravel/framework/src/Illuminate/Container/Container.php(890): Illuminate\\Container\\Container->build()
#3 /var/www/html/vendor/laravel/framework/src/Illuminate/Foundation/Application.php(1077): Illuminate\\Container\\Container->resolve()
#4 /var/www/html/vendor/laravel/framework/src/Illuminate/Container/Container.php(821): Illuminate\\Foundation\\Application->resolve()
#5 /var/www/html/vendor/laravel/framework/src/Illuminate/Foundation/Application.php(1057): Illuminate\\Container\\Container->make()
#6 /var/www/html/vendor/laravel/framework/src/Illuminate/Container/Container.php(1643): Illuminate\\Foundation\\Application->make()
#7 /var/www/html/vendor/laravel/framework/src/Illuminate/Support/Facades/Facade.php(239): Illuminate\\Container\\Container->offsetGet()
#8 /var/www/html/vendor/laravel/framework/src/Illuminate/Support/Facades/Facade.php(210): Illuminate\\Support\\Facades\\Facade::resolveFacadeInstance()
#9 /var/www/html/vendor/laravel/framework/src/Illuminate/Support/Facades/Facade.php(355): Illuminate\\Support\\Facades\\Facade::getFacadeRoot()
#10 /var/www/html/vendor/livewire/livewire/src/Mechanisms/FrontendAssets/FrontendAssets.php(30): Illuminate\\Support\\Facades\\Facade::__callStatic()
#11 /var/www/html/vendor/livewire/livewire/src/LivewireServiceProvider.php(77): Livewire\\Mechanisms\\FrontendAssets\\FrontendAssets->boot()
#12 /var/www/html/vendor/livewire/livewire/src/LivewireServiceProvider.php(19): Livewire\\LivewireServiceProvider->bootMechanisms()
#13 /var/www/html/vendor/laravel/framework/src/Illuminate/Container/BoundMethod.php(36): Livewire\\LivewireServiceProvider->boot()
#14 /var/www/html/vendor/laravel/framework/src/Illuminate/Container/Util.php(43): Illuminate\\Container\\BoundMethod::Illuminate\\Container\\{closure}()
#15 /var/www/html/vendor/laravel/framework/src/Illuminate/Container/BoundMethod.php(96): Illuminate\\Container\\Util::unwrapIfClosure()
#16 /var/www/html/vendor/laravel/framework/src/Illuminate/Container/BoundMethod.php(35): Illuminate\\Container\\BoundMethod::callBoundMethod()
#17 /var/www/html/vendor/laravel/framework/src/Illuminate/Container/Container.php(754): Illuminate\\Container\\BoundMethod::call()
#18 /var/www/html/vendor/laravel/framework/src/Illuminate/Foundation/Application.php(1150): Illuminate\\Container\\Container->call()
#19 /var/www/html/vendor/laravel/framework/src/Illuminate/Foundation/Application.php(1131): Illuminate\\Foundation\\Application->bootProvider()
#20 [internal function]: Illuminate\\Foundation\\Application->Illuminate\\Foundation\\{closure}()
#21 /var/www/html/vendor/laravel/framework/src/Illuminate/Foundation/Application.php(1130): array_walk()
#22 /var/www/html/vendor/laravel/framework/src/Illuminate/Foundation/Bootstrap/BootProviders.php(17): Illuminate\\Foundation\\Application->boot()
#23 /var/www/html/vendor/laravel/framework/src/Illuminate/Foundation/Application.php(341): Illuminate\\Foundation\\Bootstrap\\BootProviders->bootstrap()
#24 /var/www/html/vendor/laravel/framework/src/Illuminate/Foundation/Console/Kernel.php(473): Illuminate\\Foundation\\Application->bootstrapWith()
#25 /var/www/html/vendor/laravel/framework/src/Illuminate/Foundation/Console/Kernel.php(195): Illuminate\\Foundation\\Console\\Kernel->bootstrap()
#26 /var/www/html/vendor/laravel/framework/src/Illuminate/Foundation/Application.php(1234): Illuminate\\Foundation\\Console\\Kernel->handle()
#27 /var/www/html/artisan(16): Illuminate\\Foundation\\Application->handleCommand()
#28 {main}
"} 
[2025-06-18 12:16:07] local.ERROR: Please provide a valid cache path. {"exception":"[object] (InvalidArgumentException(code: 0): Please provide a valid cache path. at /var/www/html/vendor/laravel/framework/src/Illuminate/View/Compilers/Compiler.php:66)
[stacktrace]
#0 /var/www/html/vendor/laravel/framework/src/Illuminate/View/ViewServiceProvider.php(97): Illuminate\\View\\Compilers\\Compiler->__construct()
#1 /var/www/html/vendor/laravel/framework/src/Illuminate/Container/Container.php(1010): Illuminate\\View\\ViewServiceProvider->Illuminate\\View\\{closure}()
#2 /var/www/html/vendor/laravel/framework/src/Illuminate/Container/Container.php(890): Illuminate\\Container\\Container->build()
#3 /var/www/html/vendor/laravel/framework/src/Illuminate/Foundation/Application.php(1077): Illuminate\\Container\\Container->resolve()
#4 /var/www/html/vendor/laravel/framework/src/Illuminate/Container/Container.php(821): Illuminate\\Foundation\\Application->resolve()
#5 /var/www/html/vendor/laravel/framework/src/Illuminate/Foundation/Application.php(1057): Illuminate\\Container\\Container->make()
#6 /var/www/html/vendor/laravel/framework/src/Illuminate/Container/Container.php(1643): Illuminate\\Foundation\\Application->make()
#7 /var/www/html/vendor/laravel/framework/src/Illuminate/Support/Facades/Facade.php(239): Illuminate\\Container\\Container->offsetGet()
#8 /var/www/html/vendor/laravel/framework/src/Illuminate/Support/Facades/Facade.php(210): Illuminate\\Support\\Facades\\Facade::resolveFacadeInstance()
#9 /var/www/html/vendor/laravel/framework/src/Illuminate/Support/Facades/Facade.php(355): Illuminate\\Support\\Facades\\Facade::getFacadeRoot()
#10 /var/www/html/vendor/livewire/livewire/src/Mechanisms/FrontendAssets/FrontendAssets.php(30): Illuminate\\Support\\Facades\\Facade::__callStatic()
#11 /var/www/html/vendor/livewire/livewire/src/LivewireServiceProvider.php(77): Livewire\\Mechanisms\\FrontendAssets\\FrontendAssets->boot()
#12 /var/www/html/vendor/livewire/livewire/src/LivewireServiceProvider.php(19): Livewire\\LivewireServiceProvider->bootMechanisms()
#13 /var/www/html/vendor/laravel/framework/src/Illuminate/Container/BoundMethod.php(36): Livewire\\LivewireServiceProvider->boot()
#14 /var/www/html/vendor/laravel/framework/src/Illuminate/Container/Util.php(43): Illuminate\\Container\\BoundMethod::Illuminate\\Container\\{closure}()
#15 /var/www/html/vendor/laravel/framework/src/Illuminate/Container/BoundMethod.php(96): Illuminate\\Container\\Util::unwrapIfClosure()
#16 /var/www/html/vendor/laravel/framework/src/Illuminate/Container/BoundMethod.php(35): Illuminate\\Container\\BoundMethod::callBoundMethod()
#17 /var/www/html/vendor/laravel/framework/src/Illuminate/Container/Container.php(754): Illuminate\\Container\\BoundMethod::call()
#18 /var/www/html/vendor/laravel/framework/src/Illuminate/Foundation/Application.php(1150): Illuminate\\Container\\Container->call()
#19 /var/www/html/vendor/laravel/framework/src/Illuminate/Foundation/Application.php(1131): Illuminate\\Foundation\\Application->bootProvider()
#20 [internal function]: Illuminate\\Foundation\\Application->Illuminate\\Foundation\\{closure}()
#21 /var/www/html/vendor/laravel/framework/src/Illuminate/Foundation/Application.php(1130): array_walk()
#22 /var/www/html/vendor/laravel/framework/src/Illuminate/Foundation/Bootstrap/BootProviders.php(17): Illuminate\\Foundation\\Application->boot()
#23 /var/www/html/vendor/laravel/framework/src/Illuminate/Foundation/Application.php(341): Illuminate\\Foundation\\Bootstrap\\BootProviders->bootstrap()
#24 /var/www/html/vendor/laravel/framework/src/Illuminate/Foundation/Console/Kernel.php(473): Illuminate\\Foundation\\Application->bootstrapWith()
#25 /var/www/html/vendor/laravel/framework/src/Illuminate/Foundation/Console/Kernel.php(195): Illuminate\\Foundation\\Console\\Kernel->bootstrap()
#26 /var/www/html/vendor/laravel/framework/src/Illuminate/Foundation/Application.php(1234): Illuminate\\Foundation\\Console\\Kernel->handle()
#27 /var/www/html/artisan(16): Illuminate\\Foundation\\Application->handleCommand()
#28 {main}
"} 
[2025-06-18 12:16:50] local.ERROR: Please provide a valid cache path. {"exception":"[object] (InvalidArgumentException(code: 0): Please provide a valid cache path. at /var/www/html/vendor/laravel/framework/src/Illuminate/View/Compilers/Compiler.php:66)
[stacktrace]
#0 /var/www/html/vendor/laravel/framework/src/Illuminate/View/ViewServiceProvider.php(97): Illuminate\\View\\Compilers\\Compiler->__construct()
#1 /var/www/html/vendor/laravel/framework/src/Illuminate/Container/Container.php(1010): Illuminate\\View\\ViewServiceProvider->Illuminate\\View\\{closure}()
#2 /var/www/html/vendor/laravel/framework/src/Illuminate/Container/Container.php(890): Illuminate\\Container\\Container->build()
#3 /var/www/html/vendor/laravel/framework/src/Illuminate/Foundation/Application.php(1077): Illuminate\\Container\\Container->resolve()
#4 /var/www/html/vendor/laravel/framework/src/Illuminate/Container/Container.php(821): Illuminate\\Foundation\\Application->resolve()
#5 /var/www/html/vendor/laravel/framework/src/Illuminate/Foundation/Application.php(1057): Illuminate\\Container\\Container->make()
#6 /var/www/html/vendor/laravel/framework/src/Illuminate/Container/Container.php(1643): Illuminate\\Foundation\\Application->make()
#7 /var/www/html/vendor/laravel/framework/src/Illuminate/Support/Facades/Facade.php(239): Illuminate\\Container\\Container->offsetGet()
#8 /var/www/html/vendor/laravel/framework/src/Illuminate/Support/Facades/Facade.php(210): Illuminate\\Support\\Facades\\Facade::resolveFacadeInstance()
#9 /var/www/html/vendor/laravel/framework/src/Illuminate/Support/Facades/Facade.php(355): Illuminate\\Support\\Facades\\Facade::getFacadeRoot()
#10 /var/www/html/vendor/livewire/livewire/src/Mechanisms/FrontendAssets/FrontendAssets.php(30): Illuminate\\Support\\Facades\\Facade::__callStatic()
#11 /var/www/html/vendor/livewire/livewire/src/LivewireServiceProvider.php(77): Livewire\\Mechanisms\\FrontendAssets\\FrontendAssets->boot()
#12 /var/www/html/vendor/livewire/livewire/src/LivewireServiceProvider.php(19): Livewire\\LivewireServiceProvider->bootMechanisms()
#13 /var/www/html/vendor/laravel/framework/src/Illuminate/Container/BoundMethod.php(36): Livewire\\LivewireServiceProvider->boot()
#14 /var/www/html/vendor/laravel/framework/src/Illuminate/Container/Util.php(43): Illuminate\\Container\\BoundMethod::Illuminate\\Container\\{closure}()
#15 /var/www/html/vendor/laravel/framework/src/Illuminate/Container/BoundMethod.php(96): Illuminate\\Container\\Util::unwrapIfClosure()
#16 /var/www/html/vendor/laravel/framework/src/Illuminate/Container/BoundMethod.php(35): Illuminate\\Container\\BoundMethod::callBoundMethod()
#17 /var/www/html/vendor/laravel/framework/src/Illuminate/Container/Container.php(754): Illuminate\\Container\\BoundMethod::call()
#18 /var/www/html/vendor/laravel/framework/src/Illuminate/Foundation/Application.php(1150): Illuminate\\Container\\Container->call()
#19 /var/www/html/vendor/laravel/framework/src/Illuminate/Foundation/Application.php(1131): Illuminate\\Foundation\\Application->bootProvider()
#20 [internal function]: Illuminate\\Foundation\\Application->Illuminate\\Foundation\\{closure}()
#21 /var/www/html/vendor/laravel/framework/src/Illuminate/Foundation/Application.php(1130): array_walk()
#22 /var/www/html/vendor/laravel/framework/src/Illuminate/Foundation/Bootstrap/BootProviders.php(17): Illuminate\\Foundation\\Application->boot()
#23 /var/www/html/vendor/laravel/framework/src/Illuminate/Foundation/Application.php(341): Illuminate\\Foundation\\Bootstrap\\BootProviders->bootstrap()
#24 /var/www/html/vendor/laravel/framework/src/Illuminate/Foundation/Console/Kernel.php(473): Illuminate\\Foundation\\Application->bootstrapWith()
#25 /var/www/html/vendor/laravel/framework/src/Illuminate/Foundation/Console/Kernel.php(195): Illuminate\\Foundation\\Console\\Kernel->bootstrap()
#26 /var/www/html/vendor/laravel/framework/src/Illuminate/Foundation/Application.php(1234): Illuminate\\Foundation\\Console\\Kernel->handle()
#27 /var/www/html/artisan(16): Illuminate\\Foundation\\Application->handleCommand()
#28 {main}
"} 
[2025-06-18 12:21:24] local.INFO: Attempting to send test email  
[2025-06-18 12:21:24] local.INFO: Test email sent successfully  
[2025-06-18 12:32:20] local.INFO: Attempting to send test email  
[2025-06-18 12:32:20] local.ERROR: Email error: Connection could not be established with host "127.0.0.1:2525": stream_socket_client(): Unable to connect to 127.0.0.1:2525 (Connection refused)  
[2025-06-18 12:32:20] local.ERROR: #0 [internal function]: Symfony\Component\Mailer\Transport\Smtp\Stream\SocketStream->Symfony\Component\Mailer\Transport\Smtp\Stream\{closure}()
#1 /var/www/html/vendor/symfony/mailer/Transport/Smtp/Stream/SocketStream.php(157): stream_socket_client()
#2 /var/www/html/vendor/symfony/mailer/Transport/Smtp/SmtpTransport.php(279): Symfony\Component\Mailer\Transport\Smtp\Stream\SocketStream->initialize()
#3 /var/www/html/vendor/symfony/mailer/Transport/Smtp/SmtpTransport.php(211): Symfony\Component\Mailer\Transport\Smtp\SmtpTransport->start()
#4 /var/www/html/vendor/symfony/mailer/Transport/AbstractTransport.php(69): Symfony\Component\Mailer\Transport\Smtp\SmtpTransport->doSend()
#5 /var/www/html/vendor/symfony/mailer/Transport/Smtp/SmtpTransport.php(138): Symfony\Component\Mailer\Transport\AbstractTransport->send()
#6 /var/www/html/vendor/laravel/framework/src/Illuminate/Mail/Mailer.php(584): Symfony\Component\Mailer\Transport\Smtp\SmtpTransport->send()
#7 /var/www/html/vendor/laravel/framework/src/Illuminate/Mail/Mailer.php(331): Illuminate\Mail\Mailer->sendSymfonyMessage()
#8 /var/www/html/vendor/laravel/framework/src/Illuminate/Mail/MailManager.php(618): Illuminate\Mail\Mailer->send()
#9 /var/www/html/vendor/laravel/framework/src/Illuminate/Support/Facades/Facade.php(361): Illuminate\Mail\MailManager->__call()
#10 /var/www/html/routes/api.php(71): Illuminate\Support\Facades\Facade::__callStatic()
#11 /var/www/html/vendor/laravel/framework/src/Illuminate/Routing/CallableDispatcher.php(39): Illuminate\Routing\RouteFileRegistrar->{closure}()
#12 /var/www/html/vendor/laravel/framework/src/Illuminate/Routing/Route.php(243): Illuminate\Routing\CallableDispatcher->dispatch()
#13 /var/www/html/vendor/laravel/framework/src/Illuminate/Routing/Route.php(214): Illuminate\Routing\Route->runCallable()
#14 /var/www/html/vendor/laravel/framework/src/Illuminate/Routing/Router.php(808): Illuminate\Routing\Route->run()
#15 /var/www/html/vendor/laravel/framework/src/Illuminate/Pipeline/Pipeline.php(169): Illuminate\Routing\Router->Illuminate\Routing\{closure}()
#16 /var/www/html/vendor/laravel/framework/src/Illuminate/Http/Middleware/HandleCors.php(61): Illuminate\Pipeline\Pipeline->Illuminate\Pipeline\{closure}()
#17 /var/www/html/vendor/laravel/framework/src/Illuminate/Pipeline/Pipeline.php(208): Illuminate\Http\Middleware\HandleCors->handle()
#18 /var/www/html/vendor/laravel/framework/src/Illuminate/Routing/Middleware/SubstituteBindings.php(50): Illuminate\Pipeline\Pipeline->Illuminate\Pipeline\{closure}()
#19 /var/www/html/vendor/laravel/framework/src/Illuminate/Pipeline/Pipeline.php(208): Illuminate\Routing\Middleware\SubstituteBindings->handle()
#20 /var/www/html/vendor/laravel/framework/src/Illuminate/Pipeline/Pipeline.php(126): Illuminate\Pipeline\Pipeline->Illuminate\Pipeline\{closure}()
#21 /var/www/html/vendor/laravel/framework/src/Illuminate/Routing/Router.php(807): Illuminate\Pipeline\Pipeline->then()
#22 /var/www/html/vendor/laravel/framework/src/Illuminate/Routing/Router.php(786): Illuminate\Routing\Router->runRouteWithinStack()
#23 /var/www/html/vendor/laravel/framework/src/Illuminate/Routing/Router.php(750): Illuminate\Routing\Router->runRoute()
#24 /var/www/html/vendor/laravel/framework/src/Illuminate/Routing/Router.php(739): Illuminate\Routing\Router->dispatchToRoute()
#25 /var/www/html/vendor/laravel/framework/src/Illuminate/Foundation/Http/Kernel.php(200): Illuminate\Routing\Router->dispatch()
#26 /var/www/html/vendor/laravel/framework/src/Illuminate/Pipeline/Pipeline.php(169): Illuminate\Foundation\Http\Kernel->Illuminate\Foundation\Http\{closure}()
#27 /var/www/html/vendor/livewire/livewire/src/Features/SupportDisablingBackButtonCache/DisableBackButtonCacheMiddleware.php(19): Illuminate\Pipeline\Pipeline->Illuminate\Pipeline\{closure}()
#28 /var/www/html/vendor/laravel/framework/src/Illuminate/Pipeline/Pipeline.php(208): Livewire\Features\SupportDisablingBackButtonCache\DisableBackButtonCacheMiddleware->handle()
#29 /var/www/html/vendor/laravel/framework/src/Illuminate/Foundation/Http/Middleware/TransformsRequest.php(21): Illuminate\Pipeline\Pipeline->Illuminate\Pipeline\{closure}()
#30 /var/www/html/vendor/laravel/framework/src/Illuminate/Foundation/Http/Middleware/ConvertEmptyStringsToNull.php(31): Illuminate\Foundation\Http\Middleware\TransformsRequest->handle()
#31 /var/www/html/vendor/laravel/framework/src/Illuminate/Pipeline/Pipeline.php(208): Illuminate\Foundation\Http\Middleware\ConvertEmptyStringsToNull->handle()
#32 /var/www/html/vendor/laravel/framework/src/Illuminate/Foundation/Http/Middleware/TransformsRequest.php(21): Illuminate\Pipeline\Pipeline->Illuminate\Pipeline\{closure}()
#33 /var/www/html/vendor/laravel/framework/src/Illuminate/Foundation/Http/Middleware/TrimStrings.php(51): Illuminate\Foundation\Http\Middleware\TransformsRequest->handle()
#34 /var/www/html/vendor/laravel/framework/src/Illuminate/Pipeline/Pipeline.php(208): Illuminate\Foundation\Http\Middleware\TrimStrings->handle()
#35 /var/www/html/vendor/laravel/framework/src/Illuminate/Http/Middleware/ValidatePostSize.php(27): Illuminate\Pipeline\Pipeline->Illuminate\Pipeline\{closure}()
#36 /var/www/html/vendor/laravel/framework/src/Illuminate/Pipeline/Pipeline.php(208): Illuminate\Http\Middleware\ValidatePostSize->handle()
#37 /var/www/html/vendor/laravel/framework/src/Illuminate/Foundation/Http/Middleware/PreventRequestsDuringMaintenance.php(109): Illuminate\Pipeline\Pipeline->Illuminate\Pipeline\{closure}()
#38 /var/www/html/vendor/laravel/framework/src/Illuminate/Pipeline/Pipeline.php(208): Illuminate\Foundation\Http\Middleware\PreventRequestsDuringMaintenance->handle()
#39 /var/www/html/vendor/laravel/framework/src/Illuminate/Http/Middleware/HandleCors.php(61): Illuminate\Pipeline\Pipeline->Illuminate\Pipeline\{closure}()
#40 /var/www/html/vendor/laravel/framework/src/Illuminate/Pipeline/Pipeline.php(208): Illuminate\Http\Middleware\HandleCors->handle()
#41 /var/www/html/vendor/laravel/framework/src/Illuminate/Http/Middleware/TrustProxies.php(58): Illuminate\Pipeline\Pipeline->Illuminate\Pipeline\{closure}()
#42 /var/www/html/vendor/laravel/framework/src/Illuminate/Pipeline/Pipeline.php(208): Illuminate\Http\Middleware\TrustProxies->handle()
#43 /var/www/html/vendor/laravel/framework/src/Illuminate/Foundation/Http/Middleware/InvokeDeferredCallbacks.php(22): Illuminate\Pipeline\Pipeline->Illuminate\Pipeline\{closure}()
#44 /var/www/html/vendor/laravel/framework/src/Illuminate/Pipeline/Pipeline.php(208): Illuminate\Foundation\Http\Middleware\InvokeDeferredCallbacks->handle()
#45 /var/www/html/vendor/laravel/framework/src/Illuminate/Http/Middleware/ValidatePathEncoding.php(26): Illuminate\Pipeline\Pipeline->Illuminate\Pipeline\{closure}()
#46 /var/www/html/vendor/laravel/framework/src/Illuminate/Pipeline/Pipeline.php(208): Illuminate\Http\Middleware\ValidatePathEncoding->handle()
#47 /var/www/html/vendor/laravel/framework/src/Illuminate/Pipeline/Pipeline.php(126): Illuminate\Pipeline\Pipeline->Illuminate\Pipeline\{closure}()
#48 /var/www/html/vendor/laravel/framework/src/Illuminate/Foundation/Http/Kernel.php(175): Illuminate\Pipeline\Pipeline->then()
#49 /var/www/html/vendor/laravel/framework/src/Illuminate/Foundation/Http/Kernel.php(144): Illuminate\Foundation\Http\Kernel->sendRequestThroughRouter()
#50 /var/www/html/vendor/laravel/framework/src/Illuminate/Foundation/Application.php(1219): Illuminate\Foundation\Http\Kernel->handle()
#51 /var/www/html/public/index.php(20): Illuminate\Foundation\Application->handleRequest()
#52 {main}  
[2025-06-18 12:33:04] local.INFO: Attempting to send test email  
[2025-06-18 12:33:06] local.INFO: Test email sent successfully  
[2025-06-18 12:38:52] local.INFO: Starting password reset for user {"user_id":1,"email":"admin@example.com"} 
[2025-06-18 12:38:52] local.INFO: Generated token for password reset {"token":"cRTlGM0rH15zTrYCHoFmDrnwsDOaa3dgwtsMVAnDvMqMVp6HUvmCExhbE1Hf"} 
[2025-06-18 12:38:52] local.INFO: Token stored in database  
[2025-06-18 12:38:52] local.INFO: Dispatching ResetPassword notification  
[2025-06-18 12:38:52] local.INFO: Sending ResetPassword notification via mail {"email":"admin@example.com","token":"cRTlGM0rH15zTrYCHoFmDrnwsDOaa3dgwtsMVAnDvMqMVp6HUvmCExhbE1Hf"} 
[2025-06-18 12:38:52] local.INFO: Notification dispatched  
[2025-06-18 12:40:41] local.INFO: Building ResetPassword email {"email":"user@example.com","reset_url":"https://test-backend.ddev.site/reset-password/f96705a3c96d0a5a8929730c482987c233695b01900f6f125d5dcb3ff74e41c9?email=user%40example.com"} 
[2025-06-18 12:40:43] local.INFO: Building ResetPassword email {"email":"admin@example.com","reset_url":"https://test-backend.ddev.site/reset-password/hgYFnna7LIuvOBiVn0JvFkQ5dSVkolux5FZ8U85BMjWRiVCpEgA8cVHrnx8B?email=admin%40example.com"} 
[2025-06-18 12:40:44] local.INFO: Building ResetPassword email {"email":"admin@example.com","reset_url":"https://test-backend.ddev.site/reset-password/cRTlGM0rH15zTrYCHoFmDrnwsDOaa3dgwtsMVAnDvMqMVp6HUvmCExhbE1Hf?email=admin%40example.com"} 
[2025-06-18 12:41:51] local.INFO: Starting password reset for user {"user_id":1,"email":"admin@example.com"} 
[2025-06-18 12:41:51] local.INFO: Generated token for password reset {"token":"W5ZOLls2jrUmmiax4MfG2fGYcTZnqTFZCoAsxhbxxCHA6NCzmHhk6jxiG4HT"} 
[2025-06-18 12:41:51] local.INFO: Token stored in database  
[2025-06-18 12:41:51] local.INFO: Dispatching ResetPassword notification  
[2025-06-18 12:41:51] local.INFO: Sending ResetPassword notification via mail {"email":"admin@example.com","token":"W5ZOLls2jrUmmiax4MfG2fGYcTZnqTFZCoAsxhbxxCHA6NCzmHhk6jxiG4HT"} 
[2025-06-18 12:41:51] local.INFO: Notification dispatched  
[2025-06-18 12:41:52] local.INFO: Building ResetPassword email {"email":"admin@example.com","reset_url":"https://test-backend.ddev.site/reset-password/W5ZOLls2jrUmmiax4MfG2fGYcTZnqTFZCoAsxhbxxCHA6NCzmHhk6jxiG4HT?email=admin%40example.com"} 
[2025-06-18 13:09:07] local.INFO: Starting password reset for user {"user_id":1,"email":"admin@example.com"} 
[2025-06-18 13:09:07] local.INFO: Generated token for password reset {"token":"bsBT03d8rq0iunssRyy71Z4MlAv50uTIRwsma4WrYfDRuqc9pO6vSfDVQZyf"} 
[2025-06-18 13:09:07] local.INFO: Token stored in database  
[2025-06-18 13:09:07] local.INFO: Dispatching ResetPassword notification  
[2025-06-18 13:09:07] local.INFO: Sending ResetPassword notification via mail {"email":"admin@example.com","token":"bsBT03d8rq0iunssRyy71Z4MlAv50uTIRwsma4WrYfDRuqc9pO6vSfDVQZyf"} 
[2025-06-18 13:09:07] local.INFO: Notification dispatched  
[2025-06-18 13:10:13] local.INFO: Starting password reset for user {"user_id":1,"email":"admin@example.com"} 
[2025-06-18 13:10:13] local.INFO: Generated token for password reset {"token":"zd3MvBNHvtHXnj1juZlYZZ2NsiDKCUp7OLxtvJ5fw25wdXFuUR4CQBlb173v"} 
[2025-06-18 13:10:14] local.INFO: Token stored in database  
[2025-06-18 13:10:14] local.INFO: Dispatching ResetPassword notification  
[2025-06-18 13:10:14] local.INFO: Sending ResetPassword notification via mail {"email":"admin@example.com","token":"zd3MvBNHvtHXnj1juZlYZZ2NsiDKCUp7OLxtvJ5fw25wdXFuUR4CQBlb173v"} 
[2025-06-18 13:10:14] local.INFO: Notification dispatched  
[2025-06-18 13:15:15] local.INFO: Starting password reset for user {"user_id":1,"email":"admin@example.com"} 
[2025-06-18 13:15:15] local.INFO: Generated token for password reset {"token":"g16VoruaxydsMUk4cuSFhbzTynCazWNXkwTjzYNO1f1YHQ4zX8Ijn9koTpzs"} 
[2025-06-18 13:15:15] local.INFO: Token stored in database  
[2025-06-18 13:15:15] local.INFO: Dispatching ResetPassword notification  
[2025-06-18 13:15:15] local.INFO: Sending ResetPassword notification via mail {"email":"admin@example.com","token":"g16VoruaxydsMUk4cuSFhbzTynCazWNXkwTjzYNO1f1YHQ4zX8Ijn9koTpzs"} 
[2025-06-18 13:15:15] local.INFO: Notification dispatched  
[2025-06-18 13:15:37] local.INFO: Attempting to send test email  
[2025-06-18 13:15:39] local.INFO: Test email sent successfully  
[2025-06-18 13:15:47] local.INFO: Starting password reset for user {"user_id":1,"email":"admin@example.com"} 
[2025-06-18 13:15:47] local.INFO: Generated token for password reset {"token":"fdNYP6oc51xdbOk5uFB0YquBCy9zmoGIpnTRDPgdrYqeeKFCQLPDMYv0arlL"} 
[2025-06-18 13:15:47] local.INFO: Token stored in database  
[2025-06-18 13:15:47] local.INFO: Dispatching ResetPassword notification  
[2025-06-18 13:15:47] local.INFO: Sending ResetPassword notification via mail {"email":"admin@example.com","token":"fdNYP6oc51xdbOk5uFB0YquBCy9zmoGIpnTRDPgdrYqeeKFCQLPDMYv0arlL"} 
[2025-06-18 13:15:47] local.INFO: Notification dispatched  
[2025-06-18 13:18:16] local.INFO: Starting password reset for user {"user_id":1,"email":"admin@example.com"} 
[2025-06-18 13:18:16] local.INFO: Generated token for password reset {"token":"b3Ac7JpxkGYJmQym1irFaCi2uPuLWvXm5Un4HHaPcC8IfkNm00VdqPcCsCB0"} 
[2025-06-18 13:18:16] local.INFO: Token stored in database  
[2025-06-18 13:18:16] local.INFO: Dispatching ResetPassword notification  
[2025-06-18 13:18:16] local.INFO: Sending ResetPassword notification via mail {"email":"admin@example.com","token":"b3Ac7JpxkGYJmQym1irFaCi2uPuLWvXm5Un4HHaPcC8IfkNm00VdqPcCsCB0"} 
[2025-06-18 13:18:16] local.INFO: Notification dispatched  
[2025-06-18 13:23:57] local.INFO: Building ResetPassword email {"email":"admin@example.com","reset_url":"https://test-backend.ddev.site/reset-password/bsBT03d8rq0iunssRyy71Z4MlAv50uTIRwsma4WrYfDRuqc9pO6vSfDVQZyf?email=admin%40example.com"} 
[2025-06-18 13:23:59] local.INFO: Building ResetPassword email {"email":"admin@example.com","reset_url":"https://test-backend.ddev.site/reset-password/zd3MvBNHvtHXnj1juZlYZZ2NsiDKCUp7OLxtvJ5fw25wdXFuUR4CQBlb173v?email=admin%40example.com"} 
[2025-06-18 13:24:00] local.INFO: Building ResetPassword email {"email":"admin@example.com","reset_url":"https://test-backend.ddev.site/reset-password/g16VoruaxydsMUk4cuSFhbzTynCazWNXkwTjzYNO1f1YHQ4zX8Ijn9koTpzs?email=admin%40example.com"} 
[2025-06-18 13:24:00] local.INFO: Building ResetPassword email {"email":"admin@example.com","reset_url":"https://test-backend.ddev.site/reset-password/fdNYP6oc51xdbOk5uFB0YquBCy9zmoGIpnTRDPgdrYqeeKFCQLPDMYv0arlL?email=admin%40example.com"} 
[2025-06-18 13:24:01] local.INFO: Building ResetPassword email {"email":"admin@example.com","reset_url":"https://test-backend.ddev.site/reset-password/b3Ac7JpxkGYJmQym1irFaCi2uPuLWvXm5Un4HHaPcC8IfkNm00VdqPcCsCB0?email=admin%40example.com"} 
[2025-06-18 14:06:52] local.INFO: Starting password reset for user {"user_id":1,"email":"admin@example.com"} 
[2025-06-18 14:06:52] local.INFO: Generated token for password reset {"token":"usGWkFr9VSDpBA5bhzNCWXblCUREOTNfNRWm1U1Ui0PoAPJB3agFNVgszTCe"} 
[2025-06-18 14:06:52] local.INFO: Token stored in database  
[2025-06-18 14:06:52] local.INFO: Dispatching ResetPassword notification  
[2025-06-18 14:06:52] local.INFO: Sending ResetPassword notification via mail {"email":"admin@example.com","token":"usGWkFr9VSDpBA5bhzNCWXblCUREOTNfNRWm1U1Ui0PoAPJB3agFNVgszTCe"} 
[2025-06-18 14:06:52] local.INFO: Building ResetPassword email {"email":"admin@example.com","reset_url":"https://test-backend.ddev.site/reset-password/usGWkFr9VSDpBA5bhzNCWXblCUREOTNfNRWm1U1Ui0PoAPJB3agFNVgszTCe?email=admin%40example.com"} 
[2025-06-18 14:06:54] local.INFO: Notification dispatched  
[2025-06-18 14:11:21] local.INFO: Sending ResetPassword notification via mail {"email":"steven.duquefranco3@gmail.com","token":"6908279edc96a412450d5dd7509720f118ac236b891777701d1939d161faa30a"} 
[2025-06-18 14:11:21] local.INFO: Building ResetPassword email {"email":"steven.duquefranco3@gmail.com","reset_url":"https://test-backend.ddev.site/reset-password/6908279edc96a412450d5dd7509720f118ac236b891777701d1939d161faa30a?email=steven.duquefranco3%40gmail.com"} 
[2025-06-18 14:30:44] local.INFO: Sending ResetPassword notification via mail {"email":"steven.duquefranco3@gmail.com","token":"7b853742e083b2d5e118f317305143d9fd8c3a226ad47843a8e13bceee2ee721"} 
[2025-06-18 15:06:28] local.INFO: Sending ResetPassword notification via mail {"email":"steven.duquefranco3@gmail.com","token":"2f77e21457f02caa796ecb829201a13350ae1efb1cd93d14602647d6a0400270"} 
[2025-06-18 15:20:02] local.ERROR: SQLSTATE[42S02]: Base table or view not found: 1146 Table 'db.cache' doesn't exist (Connection: mariadb, SQL: select * from `cache` where `key` in (pawsapp_cache_illuminate:queue:restart)) {"exception":"[object] (Illuminate\\Database\\QueryException(code: 42S02): SQLSTATE[42S02]: Base table or view not found: 1146 Table 'db.cache' doesn't exist (Connection: mariadb, SQL: select * from `cache` where `key` in (pawsapp_cache_illuminate:queue:restart)) at /var/www/html/vendor/laravel/framework/src/Illuminate/Database/Connection.php:822)
[stacktrace]
#0 /var/www/html/vendor/laravel/framework/src/Illuminate/Database/Connection.php(776): Illuminate\\Database\\Connection->runQueryCallback()
#1 /var/www/html/vendor/laravel/framework/src/Illuminate/Database/Connection.php(395): Illuminate\\Database\\Connection->run()
#2 /var/www/html/vendor/laravel/framework/src/Illuminate/Database/Query/Builder.php(3107): Illuminate\\Database\\Connection->select()
#3 /var/www/html/vendor/laravel/framework/src/Illuminate/Database/Query/Builder.php(3092): Illuminate\\Database\\Query\\Builder->runSelect()
#4 /var/www/html/vendor/laravel/framework/src/Illuminate/Database/Query/Builder.php(3679): Illuminate\\Database\\Query\\Builder->Illuminate\\Database\\Query\\{closure}()
#5 /var/www/html/vendor/laravel/framework/src/Illuminate/Database/Query/Builder.php(3091): Illuminate\\Database\\Query\\Builder->onceWithColumns()
#6 /var/www/html/vendor/laravel/framework/src/Illuminate/Cache/DatabaseStore.php(129): Illuminate\\Database\\Query\\Builder->get()
#7 /var/www/html/vendor/laravel/framework/src/Illuminate/Cache/DatabaseStore.php(104): Illuminate\\Cache\\DatabaseStore->many()
#8 /var/www/html/vendor/laravel/framework/src/Illuminate/Cache/Repository.php(119): Illuminate\\Cache\\DatabaseStore->get()
#9 /var/www/html/vendor/laravel/framework/src/Illuminate/Queue/Worker.php(713): Illuminate\\Cache\\Repository->get()
#10 /var/www/html/vendor/laravel/framework/src/Illuminate/Queue/Worker.php(702): Illuminate\\Queue\\Worker->getTimestampOfLastQueueRestart()
#11 /var/www/html/vendor/laravel/framework/src/Illuminate/Queue/Worker.php(308): Illuminate\\Queue\\Worker->queueShouldRestart()
#12 /var/www/html/vendor/laravel/framework/src/Illuminate/Queue/Worker.php(193): Illuminate\\Queue\\Worker->stopIfNecessary()
#13 /var/www/html/vendor/laravel/framework/src/Illuminate/Queue/Console/WorkCommand.php(148): Illuminate\\Queue\\Worker->daemon()
#14 /var/www/html/vendor/laravel/framework/src/Illuminate/Queue/Console/WorkCommand.php(131): Illuminate\\Queue\\Console\\WorkCommand->runWorker()
#15 /var/www/html/vendor/laravel/framework/src/Illuminate/Container/BoundMethod.php(36): Illuminate\\Queue\\Console\\WorkCommand->handle()
#16 /var/www/html/vendor/laravel/framework/src/Illuminate/Container/Util.php(43): Illuminate\\Container\\BoundMethod::Illuminate\\Container\\{closure}()
#17 /var/www/html/vendor/laravel/framework/src/Illuminate/Container/BoundMethod.php(96): Illuminate\\Container\\Util::unwrapIfClosure()
#18 /var/www/html/vendor/laravel/framework/src/Illuminate/Container/BoundMethod.php(35): Illuminate\\Container\\BoundMethod::callBoundMethod()
#19 /var/www/html/vendor/laravel/framework/src/Illuminate/Container/Container.php(754): Illuminate\\Container\\BoundMethod::call()
#20 /var/www/html/vendor/laravel/framework/src/Illuminate/Console/Command.php(211): Illuminate\\Container\\Container->call()
#21 /var/www/html/vendor/symfony/console/Command/Command.php(279): Illuminate\\Console\\Command->execute()
#22 /var/www/html/vendor/laravel/framework/src/Illuminate/Console/Command.php(180): Symfony\\Component\\Console\\Command\\Command->run()
#23 /var/www/html/vendor/symfony/console/Application.php(1094): Illuminate\\Console\\Command->run()
#24 /var/www/html/vendor/symfony/console/Application.php(342): Symfony\\Component\\Console\\Application->doRunCommand()
#25 /var/www/html/vendor/symfony/console/Application.php(193): Symfony\\Component\\Console\\Application->doRun()
#26 /var/www/html/vendor/laravel/framework/src/Illuminate/Foundation/Console/Kernel.php(197): Symfony\\Component\\Console\\Application->run()
#27 /var/www/html/vendor/laravel/framework/src/Illuminate/Foundation/Application.php(1234): Illuminate\\Foundation\\Console\\Kernel->handle()
#28 /var/www/html/artisan(16): Illuminate\\Foundation\\Application->handleCommand()
#29 {main}

[previous exception] [object] (PDOException(code: 42S02): SQLSTATE[42S02]: Base table or view not found: 1146 Table 'db.cache' doesn't exist at /var/www/html/vendor/laravel/framework/src/Illuminate/Database/Connection.php:404)
[stacktrace]
#0 /var/www/html/vendor/laravel/framework/src/Illuminate/Database/Connection.php(404): PDO->prepare()
#1 /var/www/html/vendor/laravel/framework/src/Illuminate/Database/Connection.php(809): Illuminate\\Database\\Connection->Illuminate\\Database\\{closure}()
#2 /var/www/html/vendor/laravel/framework/src/Illuminate/Database/Connection.php(776): Illuminate\\Database\\Connection->runQueryCallback()
#3 /var/www/html/vendor/laravel/framework/src/Illuminate/Database/Connection.php(395): Illuminate\\Database\\Connection->run()
#4 /var/www/html/vendor/laravel/framework/src/Illuminate/Database/Query/Builder.php(3107): Illuminate\\Database\\Connection->select()
#5 /var/www/html/vendor/laravel/framework/src/Illuminate/Database/Query/Builder.php(3092): Illuminate\\Database\\Query\\Builder->runSelect()
#6 /var/www/html/vendor/laravel/framework/src/Illuminate/Database/Query/Builder.php(3679): Illuminate\\Database\\Query\\Builder->Illuminate\\Database\\Query\\{closure}()
#7 /var/www/html/vendor/laravel/framework/src/Illuminate/Database/Query/Builder.php(3091): Illuminate\\Database\\Query\\Builder->onceWithColumns()
#8 /var/www/html/vendor/laravel/framework/src/Illuminate/Cache/DatabaseStore.php(129): Illuminate\\Database\\Query\\Builder->get()
#9 /var/www/html/vendor/laravel/framework/src/Illuminate/Cache/DatabaseStore.php(104): Illuminate\\Cache\\DatabaseStore->many()
#10 /var/www/html/vendor/laravel/framework/src/Illuminate/Cache/Repository.php(119): Illuminate\\Cache\\DatabaseStore->get()
#11 /var/www/html/vendor/laravel/framework/src/Illuminate/Queue/Worker.php(713): Illuminate\\Cache\\Repository->get()
#12 /var/www/html/vendor/laravel/framework/src/Illuminate/Queue/Worker.php(702): Illuminate\\Queue\\Worker->getTimestampOfLastQueueRestart()
#13 /var/www/html/vendor/laravel/framework/src/Illuminate/Queue/Worker.php(308): Illuminate\\Queue\\Worker->queueShouldRestart()
#14 /var/www/html/vendor/laravel/framework/src/Illuminate/Queue/Worker.php(193): Illuminate\\Queue\\Worker->stopIfNecessary()
#15 /var/www/html/vendor/laravel/framework/src/Illuminate/Queue/Console/WorkCommand.php(148): Illuminate\\Queue\\Worker->daemon()
#16 /var/www/html/vendor/laravel/framework/src/Illuminate/Queue/Console/WorkCommand.php(131): Illuminate\\Queue\\Console\\WorkCommand->runWorker()
#17 /var/www/html/vendor/laravel/framework/src/Illuminate/Container/BoundMethod.php(36): Illuminate\\Queue\\Console\\WorkCommand->handle()
#18 /var/www/html/vendor/laravel/framework/src/Illuminate/Container/Util.php(43): Illuminate\\Container\\BoundMethod::Illuminate\\Container\\{closure}()
#19 /var/www/html/vendor/laravel/framework/src/Illuminate/Container/BoundMethod.php(96): Illuminate\\Container\\Util::unwrapIfClosure()
#20 /var/www/html/vendor/laravel/framework/src/Illuminate/Container/BoundMethod.php(35): Illuminate\\Container\\BoundMethod::callBoundMethod()
#21 /var/www/html/vendor/laravel/framework/src/Illuminate/Container/Container.php(754): Illuminate\\Container\\BoundMethod::call()
#22 /var/www/html/vendor/laravel/framework/src/Illuminate/Console/Command.php(211): Illuminate\\Container\\Container->call()
#23 /var/www/html/vendor/symfony/console/Command/Command.php(279): Illuminate\\Console\\Command->execute()
#24 /var/www/html/vendor/laravel/framework/src/Illuminate/Console/Command.php(180): Symfony\\Component\\Console\\Command\\Command->run()
#25 /var/www/html/vendor/symfony/console/Application.php(1094): Illuminate\\Console\\Command->run()
#26 /var/www/html/vendor/symfony/console/Application.php(342): Symfony\\Component\\Console\\Application->doRunCommand()
#27 /var/www/html/vendor/symfony/console/Application.php(193): Symfony\\Component\\Console\\Application->doRun()
#28 /var/www/html/vendor/laravel/framework/src/Illuminate/Foundation/Console/Kernel.php(197): Symfony\\Component\\Console\\Application->run()
#29 /var/www/html/vendor/laravel/framework/src/Illuminate/Foundation/Application.php(1234): Illuminate\\Foundation\\Console\\Kernel->handle()
#30 /var/www/html/artisan(16): Illuminate\\Foundation\\Application->handleCommand()
#31 {main}
"} 
